2023/01/15 21:01:00 main.go:96: 162
2023/01/15 21:01:00 main.go:96: 67
2023/01/15 21:01:00 main.go:103: 162+67
2023/01/15 21:01:00 main.go:239: open keyEvent_ShortcutKey/keys/2023-01-15-shortcutKey.json: The system cannot find the path specified.
2023/01/15 21:01:01 main.go:239: open keyEvent_ShortcutKey/keys/2023-01-15-shortcutKey.json: The system cannot find the path specified.
2023/01/15 21:01:11 main.go:96: 160
2023/01/15 21:01:12 main.go:96: 160
2023/01/15 21:01:12 main.go:96: 160
2023/01/15 21:01:12 main.go:96: 160
2023/01/15 21:01:12 main.go:96: 160
2023/01/15 21:01:12 main.go:96: 160
2023/01/15 21:01:12 main.go:96: 160
2023/01/15 21:01:12 main.go:96: 160
2023/01/15 21:01:12 main.go:239: open keyEvent_ShortcutKey/keys/2023-01-15-shortcutKey.json: The system cannot find the path specified.
2023/01/15 21:01:49 main.go:96: 83
2023/01/15 21:01:49 main.go:96: 65
2023/01/15 21:01:49 main.go:103: 83+65
2023/01/15 21:01:49 main.go:96: 68
2023/01/15 21:01:49 main.go:103: 83+65+68
2023/01/15 21:01:49 main.go:239: open keyEvent_ShortcutKey/keys/2023-01-15-shortcutKey.json: The system cannot find the path specified.
2023/01/15 21:01:49 main.go:239: open keyEvent_ShortcutKey/keys/2023-01-15-shortcutKey.json: The system cannot find the path specified.
2023/01/15 21:01:49 main.go:96: 83
2023/01/15 21:01:49 main.go:103: 68+83
2023/01/15 21:01:49 main.go:96: 65
2023/01/15 21:01:49 main.go:103: 83+68+65
2023/01/15 21:01:49 main.go:239: open keyEvent_ShortcutKey/keys/2023-01-15-shortcutKey.json: The system cannot find the path specified.
2023/01/15 21:01:49 main.go:96: 68
2023/01/15 21:01:49 main.go:103: 83+65+68
2023/01/15 21:01:49 main.go:239: open keyEvent_ShortcutKey/keys/2023-01-15-shortcutKey.json: The system cannot find the path specified.
2023/01/15 21:01:49 main.go:239: open keyEvent_ShortcutKey/keys/2023-01-15-shortcutKey.json: The system cannot find the path specified.
2023/01/15 21:01:49 main.go:239: open keyEvent_ShortcutKey/keys/2023-01-15-shortcutKey.json: The system cannot find the path specified.
2023/01/15 21:01:53 main.go:96: 13
2023/01/15 21:01:53 main.go:239: open keyEvent_ShortcutKey/keys/2023-01-15-shortcutKey.json: The system cannot find the path specified.
2023/01/15 21:01:54 main.go:96: 8
2023/01/15 21:01:54 main.go:239: open keyEvent_ShortcutKey/keys/2023-01-15-shortcutKey.json: The system cannot find the path specified.
2023/01/15 21:01:56 main.go:96: 13
2023/01/15 21:01:56 main.go:239: open keyEvent_ShortcutKey/keys/2023-01-15-shortcutKey.json: The system cannot find the path specified.
2023/01/15 21:01:57 main.go:96: 75
2023/01/15 21:01:57 main.go:239: open keyEvent_ShortcutKey/keys/2023-01-15-shortcutKey.json: The system cannot find the path specified.
2023/01/15 21:01:57 main.go:96: 69
2023/01/15 21:01:57 main.go:239: open keyEvent_ShortcutKey/keys/2023-01-15-shortcutKey.json: The system cannot find the path specified.
2023/01/15 21:01:57 main.go:96: 89
2023/01/15 21:01:57 main.go:239: open keyEvent_ShortcutKey/keys/2023-01-15-shortcutKey.json: The system cannot find the path specified.
2023/01/15 21:01:57 main.go:96: 83
2023/01/15 21:01:58 main.go:239: open keyEvent_ShortcutKey/keys/2023-01-15-shortcutKey.json: The system cannot find the path specified.
2023/01/15 21:01:58 main.go:96: 160
2023/01/15 21:01:58 main.go:96: 68
2023/01/15 21:01:58 main.go:103: 160+68
2023/01/15 21:01:58 main.go:96: 73
2023/01/15 21:01:58 main.go:103: 160+68+73
2023/01/15 21:01:58 main.go:239: open keyEvent_ShortcutKey/keys/2023-01-15-shortcutKey.json: The system cannot find the path specified.
2023/01/15 21:01:58 main.go:239: open keyEvent_ShortcutKey/keys/2023-01-15-shortcutKey.json: The system cannot find the path specified.
2023/01/15 21:01:58 main.go:239: open keyEvent_ShortcutKey/keys/2023-01-15-shortcutKey.json: The system cannot find the path specified.
2023/01/15 21:01:59 main.go:96: 82
2023/01/15 21:01:59 main.go:239: open keyEvent_ShortcutKey/keys/2023-01-15-shortcutKey.json: The system cannot find the path specified.
2023/01/15 21:01:59 main.go:96: 32
2023/01/15 21:01:59 main.go:239: open keyEvent_ShortcutKey/keys/2023-01-15-shortcutKey.json: The system cannot find the path specified.
2023/01/15 21:01:59 main.go:96: 8
2023/01/15 21:01:59 main.go:239: open keyEvent_ShortcutKey/keys/2023-01-15-shortcutKey.json: The system cannot find the path specified.
2023/01/15 21:01:59 main.go:96: 8
2023/01/15 21:01:59 main.go:239: open keyEvent_ShortcutKey/keys/2023-01-15-shortcutKey.json: The system cannot find the path specified.
2023/01/15 21:01:59 main.go:96: 8
2023/01/15 21:01:59 main.go:239: open keyEvent_ShortcutKey/keys/2023-01-15-shortcutKey.json: The system cannot find the path specified.
2023/01/15 21:01:59 main.go:96: 8
2023/01/15 21:01:59 main.go:239: open keyEvent_ShortcutKey/keys/2023-01-15-shortcutKey.json: The system cannot find the path specified.
2023/01/15 21:02:00 main.go:96: 68
2023/01/15 21:02:00 main.go:239: open keyEvent_ShortcutKey/keys/2023-01-15-shortcutKey.json: The system cannot find the path specified.
2023/01/15 21:02:00 main.go:96: 8
2023/01/15 21:02:00 main.go:96: 160
2023/01/15 21:02:00 main.go:239: open keyEvent_ShortcutKey/keys/2023-01-15-shortcutKey.json: The system cannot find the path specified.
2023/01/15 21:02:00 main.go:96: 68
2023/01/15 21:02:00 main.go:103: 160+68
2023/01/15 21:02:00 main.go:239: open keyEvent_ShortcutKey/keys/2023-01-15-shortcutKey.json: The system cannot find the path specified.
2023/01/15 21:02:00 main.go:239: open keyEvent_ShortcutKey/keys/2023-01-15-shortcutKey.json: The system cannot find the path specified.
2023/01/15 21:02:00 main.go:96: 73
2023/01/15 21:02:00 main.go:239: open keyEvent_ShortcutKey/keys/2023-01-15-shortcutKey.json: The system cannot find the path specified.
2023/01/15 21:02:00 main.go:96: 82
2023/01/15 21:02:01 main.go:239: open keyEvent_ShortcutKey/keys/2023-01-15-shortcutKey.json: The system cannot find the path specified.
2023/01/15 21:02:01 main.go:96: 32
2023/01/15 21:02:01 main.go:239: open keyEvent_ShortcutKey/keys/2023-01-15-shortcutKey.json: The system cannot find the path specified.
2023/01/15 21:02:01 main.go:96: 187
2023/01/15 21:02:01 main.go:239: open keyEvent_ShortcutKey/keys/2023-01-15-shortcutKey.json: The system cannot find the path specified.
2023/01/15 21:02:01 main.go:96: 32
2023/01/15 21:02:01 main.go:239: open keyEvent_ShortcutKey/keys/2023-01-15-shortcutKey.json: The system cannot find the path specified.
2023/01/15 21:02:02 main.go:96: 8
2023/01/15 21:02:02 main.go:239: open keyEvent_ShortcutKey/keys/2023-01-15-shortcutKey.json: The system cannot find the path specified.
2023/01/15 21:02:02 main.go:96: 8
2023/01/15 21:02:02 main.go:239: open keyEvent_ShortcutKey/keys/2023-01-15-shortcutKey.json: The system cannot find the path specified.
2023/01/15 21:02:02 main.go:96: 160
2023/01/15 21:02:02 main.go:96: 186
2023/01/15 21:02:02 main.go:103: 160+186
2023/01/15 21:02:02 main.go:239: open keyEvent_ShortcutKey/keys/2023-01-15-shortcutKey.json: The system cannot find the path specified.
2023/01/15 21:02:03 main.go:239: open keyEvent_ShortcutKey/keys/2023-01-15-shortcutKey.json: The system cannot find the path specified.
2023/01/15 21:02:03 main.go:96: 32
2023/01/15 21:02:03 main.go:239: open keyEvent_ShortcutKey/keys/2023-01-15-shortcutKey.json: The system cannot find the path specified.
2023/01/15 21:02:03 main.go:96: 8
2023/01/15 21:02:03 main.go:239: open keyEvent_ShortcutKey/keys/2023-01-15-shortcutKey.json: The system cannot find the path specified.
2023/01/15 21:02:03 main.go:96: 187
2023/01/15 21:02:03 main.go:239: open keyEvent_ShortcutKey/keys/2023-01-15-shortcutKey.json: The system cannot find the path specified.
2023/01/15 21:02:03 main.go:96: 32
2023/01/15 21:02:03 main.go:239: open keyEvent_ShortcutKey/keys/2023-01-15-shortcutKey.json: The system cannot find the path specified.
2023/01/15 21:02:04 main.go:96: 9
2023/01/15 21:02:04 main.go:239: open keyEvent_ShortcutKey/keys/2023-01-15-shortcutKey.json: The system cannot find the path specified.
2023/01/15 21:02:10 main.go:96: 160
2023/01/15 21:02:11 main.go:96: 160
2023/01/15 21:02:11 main.go:96: 160
2023/01/15 21:02:11 main.go:96: 160
2023/01/15 21:02:11 main.go:96: 160
2023/01/15 21:02:11 main.go:96: 160
2023/01/15 21:02:11 main.go:96: 160
2023/01/15 21:02:11 main.go:96: 160
2023/01/15 21:02:11 main.go:96: 160
2023/01/15 21:02:11 main.go:96: 160
2023/01/15 21:02:11 main.go:96: 160
2023/01/15 21:02:11 main.go:96: 160
2023/01/15 21:02:11 main.go:96: 160
2023/01/15 21:02:11 main.go:96: 160
2023/01/15 21:02:11 main.go:239: open keyEvent_ShortcutKey/keys/2023-01-15-shortcutKey.json: The system cannot find the path specified.
2023/01/15 21:02:11 main.go:96: 162
2023/01/15 21:02:12 main.go:96: 67
2023/01/15 21:02:12 main.go:103: 162+67
2023/01/15 21:02:12 main.go:239: open keyEvent_ShortcutKey/keys/2023-01-15-shortcutKey.json: The system cannot find the path specified.
2023/01/15 21:02:12 main.go:239: open keyEvent_ShortcutKey/keys/2023-01-15-shortcutKey.json: The system cannot find the path specified.
2023/01/15 21:02:12 main.go:96: 160
2023/01/15 21:02:13 main.go:96: 160
2023/01/15 21:02:13 main.go:96: 160
2023/01/15 21:02:13 main.go:239: open keyEvent_ShortcutKey/keys/2023-01-15-shortcutKey.json: The system cannot find the path specified.
2023/01/15 21:02:13 main.go:96: 162
2023/01/15 21:02:13 main.go:96: 86
2023/01/15 21:02:13 main.go:103: 162+86
2023/01/15 21:02:13 main.go:239: open keyEvent_ShortcutKey/keys/2023-01-15-shortcutKey.json: The system cannot find the path specified.
2023/01/15 21:02:13 main.go:239: open keyEvent_ShortcutKey/keys/2023-01-15-shortcutKey.json: The system cannot find the path specified.
2023/01/15 21:02:19 main.go:96: 162
2023/01/15 21:02:19 main.go:96: 67
2023/01/15 21:02:19 main.go:103: 162+67
2023/01/15 21:02:20 main.go:239: open keyEvent_ShortcutKey/keys/2023-01-15-shortcutKey.json: The system cannot find the path specified.
2023/01/15 21:02:20 main.go:96: 67
2023/01/15 21:02:20 main.go:103: 162+67
2023/01/15 21:02:20 main.go:239: open keyEvent_ShortcutKey/keys/2023-01-15-shortcutKey.json: The system cannot find the path specified.
2023/01/15 21:02:20 main.go:239: open keyEvent_ShortcutKey/keys/2023-01-15-shortcutKey.json: The system cannot find the path specified.
2023/01/15 21:02:20 main.go:96: 162
2023/01/15 21:02:20 main.go:96: 86
2023/01/15 21:02:20 main.go:103: 162+86
2023/01/15 21:02:21 main.go:239: open keyEvent_ShortcutKey/keys/2023-01-15-shortcutKey.json: The system cannot find the path specified.
2023/01/15 21:02:21 main.go:239: open keyEvent_ShortcutKey/keys/2023-01-15-shortcutKey.json: The system cannot find the path specified.
2023/01/15 21:02:21 main.go:96: 188
2023/01/15 21:02:22 main.go:239: open keyEvent_ShortcutKey/keys/2023-01-15-shortcutKey.json: The system cannot find the path specified.
2023/01/15 21:02:23 main.go:96: 162
2023/01/15 21:02:23 main.go:96: 8
2023/01/15 21:02:23 main.go:103: 162+8
2023/01/15 21:02:24 main.go:239: open keyEvent_ShortcutKey/keys/2023-01-15-shortcutKey.json: The system cannot find the path specified.
2023/01/15 21:02:24 main.go:239: open keyEvent_ShortcutKey/keys/2023-01-15-shortcutKey.json: The system cannot find the path specified.
2023/01/15 21:02:24 main.go:96: 8
2023/01/15 21:02:24 main.go:239: open keyEvent_ShortcutKey/keys/2023-01-15-shortcutKey.json: The system cannot find the path specified.
2023/01/15 21:02:24 main.go:96: 8
2023/01/15 21:02:24 main.go:239: open keyEvent_ShortcutKey/keys/2023-01-15-shortcutKey.json: The system cannot find the path specified.
2023/01/15 21:02:24 main.go:96: 39
2023/01/15 21:02:24 main.go:239: open keyEvent_ShortcutKey/keys/2023-01-15-shortcutKey.json: The system cannot find the path specified.
2023/01/15 21:02:25 main.go:96: 186
2023/01/15 21:02:25 main.go:239: open keyEvent_ShortcutKey/keys/2023-01-15-shortcutKey.json: The system cannot find the path specified.
2023/01/15 21:02:25 main.go:96: 8
2023/01/15 21:02:25 main.go:239: open keyEvent_ShortcutKey/keys/2023-01-15-shortcutKey.json: The system cannot find the path specified.
2023/01/15 21:02:26 main.go:96: 13
2023/01/15 21:02:26 main.go:239: open keyEvent_ShortcutKey/keys/2023-01-15-shortcutKey.json: The system cannot find the path specified.
2023/01/15 21:02:28 main.go:96: 162
2023/01/15 21:02:28 main.go:96: 67
2023/01/15 21:02:28 main.go:103: 162+67
2023/01/15 21:02:28 main.go:239: open keyEvent_ShortcutKey/keys/2023-01-15-shortcutKey.json: The system cannot find the path specified.
2023/01/15 21:02:28 main.go:239: open keyEvent_ShortcutKey/keys/2023-01-15-shortcutKey.json: The system cannot find the path specified.
2023/01/15 21:02:28 main.go:96: 162
2023/01/15 21:02:28 main.go:96: 86
2023/01/15 21:02:28 main.go:103: 162+86
2023/01/15 21:02:28 main.go:239: open keyEvent_ShortcutKey/keys/2023-01-15-shortcutKey.json: The system cannot find the path specified.
2023/01/15 21:02:28 main.go:239: open keyEvent_ShortcutKey/keys/2023-01-15-shortcutKey.json: The system cannot find the path specified.
2023/01/15 21:02:29 main.go:96: 8
2023/01/15 21:02:29 main.go:239: open keyEvent_ShortcutKey/keys/2023-01-15-shortcutKey.json: The system cannot find the path specified.
2023/01/15 21:02:29 main.go:96: 8
2023/01/15 21:02:29 main.go:239: open keyEvent_ShortcutKey/keys/2023-01-15-shortcutKey.json: The system cannot find the path specified.
2023/01/15 21:02:29 main.go:96: 8
2023/01/15 21:02:29 main.go:239: open keyEvent_ShortcutKey/keys/2023-01-15-shortcutKey.json: The system cannot find the path specified.
2023/01/15 21:02:29 main.go:96: 8
2023/01/15 21:02:29 main.go:239: open keyEvent_ShortcutKey/keys/2023-01-15-shortcutKey.json: The system cannot find the path specified.
2023/01/15 21:02:30 main.go:96: 8
2023/01/15 21:02:30 main.go:239: open keyEvent_ShortcutKey/keys/2023-01-15-shortcutKey.json: The system cannot find the path specified.
2023/01/15 21:02:30 main.go:96: 83
2023/01/15 21:02:30 main.go:239: open keyEvent_ShortcutKey/keys/2023-01-15-shortcutKey.json: The system cannot find the path specified.
2023/01/15 21:02:31 main.go:96: 160
2023/01/15 21:02:31 main.go:96: 68
2023/01/15 21:02:31 main.go:103: 160+68
2023/01/15 21:02:31 main.go:239: open keyEvent_ShortcutKey/keys/2023-01-15-shortcutKey.json: The system cannot find the path specified.
2023/01/15 21:02:31 main.go:239: open keyEvent_ShortcutKey/keys/2023-01-15-shortcutKey.json: The system cannot find the path specified.
2023/01/15 21:02:31 main.go:96: 73
2023/01/15 21:02:31 main.go:239: open keyEvent_ShortcutKey/keys/2023-01-15-shortcutKey.json: The system cannot find the path specified.
2023/01/15 21:02:31 main.go:96: 82
2023/01/15 21:02:31 main.go:239: open keyEvent_ShortcutKey/keys/2023-01-15-shortcutKey.json: The system cannot find the path specified.
2023/01/15 21:02:31 main.go:96: 32
2023/01/15 21:02:31 main.go:239: open keyEvent_ShortcutKey/keys/2023-01-15-shortcutKey.json: The system cannot find the path specified.
2023/01/15 21:02:33 main.go:96: 9
2023/01/15 21:02:33 main.go:239: open keyEvent_ShortcutKey/keys/2023-01-15-shortcutKey.json: The system cannot find the path specified.
2023/01/15 21:02:35 main.go:96: 162
2023/01/15 21:02:35 main.go:96: 67
2023/01/15 21:02:35 main.go:103: 162+67
2023/01/15 21:02:35 main.go:239: open keyEvent_ShortcutKey/keys/2023-01-15-shortcutKey.json: The system cannot find the path specified.
2023/01/15 21:02:35 main.go:239: open keyEvent_ShortcutKey/keys/2023-01-15-shortcutKey.json: The system cannot find the path specified.
2023/01/15 21:02:36 main.go:96: 162
2023/01/15 21:02:36 main.go:96: 86
2023/01/15 21:02:36 main.go:103: 162+86
2023/01/15 21:02:36 main.go:239: open keyEvent_ShortcutKey/keys/2023-01-15-shortcutKey.json: The system cannot find the path specified.
2023/01/15 21:02:36 main.go:239: open keyEvent_ShortcutKey/keys/2023-01-15-shortcutKey.json: The system cannot find the path specified.
2023/01/15 21:02:40 main.go:96: 160
2023/01/15 21:02:40 main.go:96: 160
2023/01/15 21:02:40 main.go:96: 160
2023/01/15 21:02:40 main.go:96: 160
2023/01/15 21:02:40 main.go:96: 160
2023/01/15 21:02:40 main.go:96: 160
2023/01/15 21:02:40 main.go:96: 160
2023/01/15 21:02:40 main.go:96: 160
2023/01/15 21:02:40 main.go:239: open keyEvent_ShortcutKey/keys/2023-01-15-shortcutKey.json: The system cannot find the path specified.
2023/01/15 21:02:41 main.go:96: 76
2023/01/15 21:02:41 main.go:239: open keyEvent_ShortcutKey/keys/2023-01-15-shortcutKey.json: The system cannot find the path specified.
2023/01/15 21:02:41 main.go:96: 8
2023/01/15 21:02:41 main.go:239: open keyEvent_ShortcutKey/keys/2023-01-15-shortcutKey.json: The system cannot find the path specified.
2023/01/15 21:02:42 main.go:96: 83
2023/01/15 21:02:42 main.go:239: open keyEvent_ShortcutKey/keys/2023-01-15-shortcutKey.json: The system cannot find the path specified.
2023/01/15 21:02:42 main.go:96: 72
2023/01/15 21:02:42 main.go:239: open keyEvent_ShortcutKey/keys/2023-01-15-shortcutKey.json: The system cannot find the path specified.
2023/01/15 21:02:42 main.go:96: 13
2023/01/15 21:02:42 main.go:239: open keyEvent_ShortcutKey/keys/2023-01-15-shortcutKey.json: The system cannot find the path specified.
2023/01/15 21:02:44 main.go:96: 160
2023/01/15 21:02:45 main.go:96: 160
2023/01/15 21:02:45 main.go:96: 160
2023/01/15 21:02:45 main.go:96: 160
2023/01/15 21:02:45 main.go:96: 160
2023/01/15 21:02:45 main.go:96: 160
2023/01/15 21:02:45 main.go:239: open keyEvent_ShortcutKey/keys/2023-01-15-shortcutKey.json: The system cannot find the path specified.
2023/01/15 21:02:45 main.go:96: 75
2023/01/15 21:02:46 main.go:239: open keyEvent_ShortcutKey/keys/2023-01-15-shortcutKey.json: The system cannot find the path specified.
2023/01/15 21:02:46 main.go:96: 69
2023/01/15 21:02:46 main.go:239: open keyEvent_ShortcutKey/keys/2023-01-15-shortcutKey.json: The system cannot find the path specified.
2023/01/15 21:02:46 main.go:96: 13
2023/01/15 21:02:46 main.go:239: open keyEvent_ShortcutKey/keys/2023-01-15-shortcutKey.json: The system cannot find the path specified.
2023/01/15 21:02:46 main.go:96: 162
2023/01/15 21:02:46 main.go:96: 83
2023/01/15 21:02:46 main.go:103: 162+83
2023/01/15 21:02:47 main.go:239: open keyEvent_ShortcutKey/keys/2023-01-15-shortcutKey.json: The system cannot find the path specified.
2023/01/15 21:02:47 main.go:239: open keyEvent_ShortcutKey/keys/2023-01-15-shortcutKey.json: The system cannot find the path specified.
2023/01/15 21:02:48 main.go:96: 13
2023/01/15 21:02:48 main.go:239: open keyEvent_ShortcutKey/keys/2023-01-15-shortcutKey.json: The system cannot find the path specified.
2023/01/15 21:02:50 main.go:96: 9
2023/01/15 21:02:50 main.go:239: open keyEvent_ShortcutKey/keys/2023-01-15-shortcutKey.json: The system cannot find the path specified.
2023/01/15 21:02:50 main.go:96: 13
2023/01/15 21:02:50 main.go:239: open keyEvent_ShortcutKey/keys/2023-01-15-shortcutKey.json: The system cannot find the path specified.
2023/01/15 21:02:51 main.go:96: 9
2023/01/15 21:02:51 main.go:239: open keyEvent_ShortcutKey/keys/2023-01-15-shortcutKey.json: The system cannot find the path specified.
2023/01/15 21:02:52 main.go:96: 13
2023/01/15 21:02:52 main.go:239: open keyEvent_ShortcutKey/keys/2023-01-15-shortcutKey.json: The system cannot find the path specified.
2023/01/15 21:02:53 main.go:96: 9
2023/01/15 21:02:53 main.go:239: open keyEvent_ShortcutKey/keys/2023-01-15-shortcutKey.json: The system cannot find the path specified.
2023/01/15 21:02:54 main.go:96: 40
2023/01/15 21:02:54 main.go:239: open keyEvent_ShortcutKey/keys/2023-01-15-shortcutKey.json: The system cannot find the path specified.
2023/01/15 21:02:54 main.go:96: 13
2023/01/15 21:02:54 main.go:239: open keyEvent_ShortcutKey/keys/2023-01-15-shortcutKey.json: The system cannot find the path specified.
2023/01/15 21:02:55 main.go:96: 9
2023/01/15 21:02:55 main.go:239: open keyEvent_ShortcutKey/keys/2023-01-15-shortcutKey.json: The system cannot find the path specified.
2023/01/15 21:02:55 main.go:96: 13
2023/01/15 21:02:55 main.go:239: open keyEvent_ShortcutKey/keys/2023-01-15-shortcutKey.json: The system cannot find the path specified.
2023/01/15 21:02:55 main.go:96: 13
2023/01/15 21:02:55 main.go:239: open keyEvent_ShortcutKey/keys/2023-01-15-shortcutKey.json: The system cannot find the path specified.
2023/01/15 21:02:56 main.go:96: 9
2023/01/15 21:02:56 main.go:239: open keyEvent_ShortcutKey/keys/2023-01-15-shortcutKey.json: The system cannot find the path specified.
2023/01/15 21:02:57 main.go:96: 13
2023/01/15 21:02:57 main.go:239: open keyEvent_ShortcutKey/keys/2023-01-15-shortcutKey.json: The system cannot find the path specified.
2023/01/15 21:02:59 main.go:96: 9
2023/01/15 21:02:59 main.go:239: open keyEvent_ShortcutKey/keys/2023-01-15-shortcutKey.json: The system cannot find the path specified.
2023/01/15 21:02:59 main.go:96: 38
2023/01/15 21:02:59 main.go:239: open keyEvent_ShortcutKey/keys/2023-01-15-shortcutKey.json: The system cannot find the path specified.
2023/01/15 21:02:59 main.go:96: 38
2023/01/15 21:02:59 main.go:239: open keyEvent_ShortcutKey/keys/2023-01-15-shortcutKey.json: The system cannot find the path specified.
2023/01/15 21:02:59 main.go:96: 162
2023/01/15 21:03:00 main.go:96: 88
2023/01/15 21:03:00 main.go:103: 162+88
2023/01/15 21:03:00 main.go:239: open keyEvent_ShortcutKey/keys/2023-01-15-shortcutKey.json: The system cannot find the path specified.
2023/01/15 21:03:00 main.go:96: 83
2023/01/15 21:03:00 main.go:103: 162+83
2023/01/15 21:03:00 main.go:239: open keyEvent_ShortcutKey/keys/2023-01-15-shortcutKey.json: The system cannot find the path specified.
2023/01/15 21:03:00 main.go:239: open keyEvent_ShortcutKey/keys/2023-01-15-shortcutKey.json: The system cannot find the path specified.
2023/01/15 21:03:02 main.go:96: 160
2023/01/15 21:03:02 main.go:239: open keyEvent_ShortcutKey/keys/2023-01-15-shortcutKey.json: The system cannot find the path specified.
2023/01/15 21:03:02 main.go:96: 188
2023/01/15 21:03:02 main.go:239: open keyEvent_ShortcutKey/keys/2023-01-15-shortcutKey.json: The system cannot find the path specified.
2023/01/15 21:03:03 main.go:96: 65
2023/01/15 21:03:03 main.go:239: open keyEvent_ShortcutKey/keys/2023-01-15-shortcutKey.json: The system cannot find the path specified.
2023/01/15 21:03:03 main.go:96: 78
2023/01/15 21:03:03 main.go:239: open keyEvent_ShortcutKey/keys/2023-01-15-shortcutKey.json: The system cannot find the path specified.
2023/01/15 21:03:03 main.go:96: 8
2023/01/15 21:03:03 main.go:239: open keyEvent_ShortcutKey/keys/2023-01-15-shortcutKey.json: The system cannot find the path specified.
2023/01/15 21:03:03 main.go:96: 8
2023/01/15 21:03:03 main.go:239: open keyEvent_ShortcutKey/keys/2023-01-15-shortcutKey.json: The system cannot find the path specified.
2023/01/15 21:03:03 main.go:96: 8
2023/01/15 21:03:03 main.go:239: open keyEvent_ShortcutKey/keys/2023-01-15-shortcutKey.json: The system cannot find the path specified.
2023/01/15 21:03:04 main.go:96: 160
2023/01/15 21:03:04 main.go:239: open keyEvent_ShortcutKey/keys/2023-01-15-shortcutKey.json: The system cannot find the path specified.
2023/01/15 21:03:05 main.go:96: 188
2023/01/15 21:03:05 main.go:239: open keyEvent_ShortcutKey/keys/2023-01-15-shortcutKey.json: The system cannot find the path specified.
2023/01/15 21:03:05 main.go:96: 65
2023/01/15 21:03:05 main.go:96: 78
2023/01/15 21:03:05 main.go:103: 65+78
2023/01/15 21:03:05 main.go:239: open keyEvent_ShortcutKey/keys/2023-01-15-shortcutKey.json: The system cannot find the path specified.
2023/01/15 21:03:05 main.go:239: open keyEvent_ShortcutKey/keys/2023-01-15-shortcutKey.json: The system cannot find the path specified.
2023/01/15 21:03:05 main.go:96: 8
2023/01/15 21:03:05 main.go:239: open keyEvent_ShortcutKey/keys/2023-01-15-shortcutKey.json: The system cannot find the path specified.
2023/01/15 21:03:06 main.go:96: 8
2023/01/15 21:03:06 main.go:239: open keyEvent_ShortcutKey/keys/2023-01-15-shortcutKey.json: The system cannot find the path specified.
2023/01/15 21:03:06 main.go:96: 8
2023/01/15 21:03:06 main.go:239: open keyEvent_ShortcutKey/keys/2023-01-15-shortcutKey.json: The system cannot find the path specified.
2023/01/15 21:03:06 main.go:96: 160
2023/01/15 21:03:06 main.go:239: open keyEvent_ShortcutKey/keys/2023-01-15-shortcutKey.json: The system cannot find the path specified.
2023/01/15 21:03:07 main.go:96: 188
2023/01/15 21:03:07 main.go:239: open keyEvent_ShortcutKey/keys/2023-01-15-shortcutKey.json: The system cannot find the path specified.
2023/01/15 21:03:08 main.go:96: 8
2023/01/15 21:03:08 main.go:239: open keyEvent_ShortcutKey/keys/2023-01-15-shortcutKey.json: The system cannot find the path specified.
2023/01/15 21:03:08 main.go:96: 91
2023/01/15 21:03:08 main.go:96: 32
2023/01/15 21:03:08 main.go:103: 91+32
2023/01/15 21:03:08 main.go:239: open keyEvent_ShortcutKey/keys/2023-01-15-shortcutKey.json: The system cannot find the path specified.
2023/01/15 21:03:08 main.go:239: open keyEvent_ShortcutKey/keys/2023-01-15-shortcutKey.json: The system cannot find the path specified.
2023/01/15 21:03:09 main.go:96: 188
2023/01/15 21:03:09 main.go:239: open keyEvent_ShortcutKey/keys/2023-01-15-shortcutKey.json: The system cannot find the path specified.
2023/01/15 21:03:09 main.go:96: 65
2023/01/15 21:03:09 main.go:96: 78
2023/01/15 21:03:09 main.go:103: 65+78
2023/01/15 21:03:09 main.go:239: open keyEvent_ShortcutKey/keys/2023-01-15-shortcutKey.json: The system cannot find the path specified.
2023/01/15 21:03:09 main.go:239: open keyEvent_ShortcutKey/keys/2023-01-15-shortcutKey.json: The system cannot find the path specified.
2023/01/15 21:03:10 main.go:96: 74
2023/01/15 21:03:10 main.go:239: open keyEvent_ShortcutKey/keys/2023-01-15-shortcutKey.json: The system cannot find the path specified.
2023/01/15 21:03:10 main.go:96: 65
2023/01/15 21:03:10 main.go:96: 73
2023/01/15 21:03:10 main.go:103: 65+73
2023/01/15 21:03:10 main.go:239: open keyEvent_ShortcutKey/keys/2023-01-15-shortcutKey.json: The system cannot find the path specified.
2023/01/15 21:03:10 main.go:239: open keyEvent_ShortcutKey/keys/2023-01-15-shortcutKey.json: The system cannot find the path specified.
2023/01/15 21:03:10 main.go:96: 78
2023/01/15 21:03:10 main.go:239: open keyEvent_ShortcutKey/keys/2023-01-15-shortcutKey.json: The system cannot find the path specified.
2023/01/15 21:03:11 main.go:96: 32
2023/01/15 21:03:11 main.go:239: open keyEvent_ShortcutKey/keys/2023-01-15-shortcutKey.json: The system cannot find the path specified.
2023/01/15 21:03:11 main.go:96: 84
2023/01/15 21:03:11 main.go:239: open keyEvent_ShortcutKey/keys/2023-01-15-shortcutKey.json: The system cannot find the path specified.
2023/01/15 21:03:11 main.go:96: 79
2023/01/15 21:03:11 main.go:96: 78
2023/01/15 21:03:11 main.go:103: 79+78
2023/01/15 21:03:11 main.go:239: open keyEvent_ShortcutKey/keys/2023-01-15-shortcutKey.json: The system cannot find the path specified.
2023/01/15 21:03:11 main.go:96: 71
2023/01/15 21:03:11 main.go:103: 78+71
2023/01/15 21:03:11 main.go:239: open keyEvent_ShortcutKey/keys/2023-01-15-shortcutKey.json: The system cannot find the path specified.
2023/01/15 21:03:11 main.go:239: open keyEvent_ShortcutKey/keys/2023-01-15-shortcutKey.json: The system cannot find the path specified.
2023/01/15 21:03:11 main.go:96: 74
2023/01/15 21:03:11 main.go:96: 73
2023/01/15 21:03:11 main.go:103: 74+73
2023/01/15 21:03:11 main.go:239: open keyEvent_ShortcutKey/keys/2023-01-15-shortcutKey.json: The system cannot find the path specified.
2023/01/15 21:03:11 main.go:96: 32
2023/01/15 21:03:11 main.go:103: 73+32
2023/01/15 21:03:11 main.go:239: open keyEvent_ShortcutKey/keys/2023-01-15-shortcutKey.json: The system cannot find the path specified.
2023/01/15 21:03:11 main.go:239: open keyEvent_ShortcutKey/keys/2023-01-15-shortcutKey.json: The system cannot find the path specified.
2023/01/15 21:03:13 main.go:96: 68
2023/01/15 21:03:13 main.go:239: open keyEvent_ShortcutKey/keys/2023-01-15-shortcutKey.json: The system cannot find the path specified.
2023/01/15 21:03:13 main.go:96: 8
2023/01/15 21:03:13 main.go:239: open keyEvent_ShortcutKey/keys/2023-01-15-shortcutKey.json: The system cannot find the path specified.
2023/01/15 21:03:13 main.go:96: 160
2023/01/15 21:03:13 main.go:239: open keyEvent_ShortcutKey/keys/2023-01-15-shortcutKey.json: The system cannot find the path specified.
2023/01/15 21:03:15 main.go:96: 37
2023/01/15 21:03:15 main.go:239: open keyEvent_ShortcutKey/keys/2023-01-15-shortcutKey.json: The system cannot find the path specified.
2023/01/15 21:03:15 main.go:96: 188
2023/01/15 21:03:15 main.go:239: open keyEvent_ShortcutKey/keys/2023-01-15-shortcutKey.json: The system cannot find the path specified.
2023/01/15 21:03:16 main.go:96: 160
2023/01/15 21:03:16 main.go:239: open keyEvent_ShortcutKey/keys/2023-01-15-shortcutKey.json: The system cannot find the path specified.
2023/01/15 21:03:16 main.go:96: 8
2023/01/15 21:03:16 main.go:239: open keyEvent_ShortcutKey/keys/2023-01-15-shortcutKey.json: The system cannot find the path specified.
2023/01/15 21:03:16 main.go:96: 188
2023/01/15 21:03:17 main.go:239: open keyEvent_ShortcutKey/keys/2023-01-15-shortcutKey.json: The system cannot find the path specified.
2023/01/15 21:03:17 main.go:96: 75
2023/01/15 21:03:17 main.go:239: open keyEvent_ShortcutKey/keys/2023-01-15-shortcutKey.json: The system cannot find the path specified.
2023/01/15 21:03:17 main.go:96: 85
2023/01/15 21:03:18 main.go:96: 65
2023/01/15 21:03:18 main.go:103: 85+65
2023/01/15 21:03:18 main.go:239: open keyEvent_ShortcutKey/keys/2023-01-15-shortcutKey.json: The system cannot find the path specified.
2023/01/15 21:03:18 main.go:96: 73
2023/01/15 21:03:18 main.go:103: 65+73
2023/01/15 21:03:18 main.go:96: 74
2023/01/15 21:03:18 main.go:103: 65+73+74
2023/01/15 21:03:18 main.go:239: open keyEvent_ShortcutKey/keys/2023-01-15-shortcutKey.json: The system cannot find the path specified.
2023/01/15 21:03:18 main.go:239: open keyEvent_ShortcutKey/keys/2023-01-15-shortcutKey.json: The system cannot find the path specified.
2023/01/15 21:03:18 main.go:96: 73
2023/01/15 21:03:18 main.go:103: 74+73
2023/01/15 21:03:18 main.go:239: open keyEvent_ShortcutKey/keys/2023-01-15-shortcutKey.json: The system cannot find the path specified.
2023/01/15 21:03:18 main.go:239: open keyEvent_ShortcutKey/keys/2023-01-15-shortcutKey.json: The system cannot find the path specified.
2023/01/15 21:03:18 main.go:96: 69
2023/01/15 21:03:18 main.go:239: open keyEvent_ShortcutKey/keys/2023-01-15-shortcutKey.json: The system cannot find the path specified.
2023/01/15 21:03:19 main.go:96: 74
2023/01/15 21:03:19 main.go:239: open keyEvent_ShortcutKey/keys/2023-01-15-shortcutKey.json: The system cannot find the path specified.
2023/01/15 21:03:19 main.go:96: 32
2023/01/15 21:03:19 main.go:239: open keyEvent_ShortcutKey/keys/2023-01-15-shortcutKey.json: The system cannot find the path specified.
2023/01/15 21:03:19 main.go:96: 84
2023/01/15 21:03:19 main.go:96: 79
2023/01/15 21:03:19 main.go:103: 84+79
2023/01/15 21:03:19 main.go:239: open keyEvent_ShortcutKey/keys/2023-01-15-shortcutKey.json: The system cannot find the path specified.
2023/01/15 21:03:19 main.go:96: 78
2023/01/15 21:03:19 main.go:103: 79+78
2023/01/15 21:03:20 main.go:239: open keyEvent_ShortcutKey/keys/2023-01-15-shortcutKey.json: The system cannot find the path specified.
2023/01/15 21:03:20 main.go:96: 71
2023/01/15 21:03:20 main.go:103: 78+71
2023/01/15 21:03:20 main.go:239: open keyEvent_ShortcutKey/keys/2023-01-15-shortcutKey.json: The system cannot find the path specified.
2023/01/15 21:03:20 main.go:239: open keyEvent_ShortcutKey/keys/2023-01-15-shortcutKey.json: The system cannot find the path specified.
2023/01/15 21:03:20 main.go:96: 74
2023/01/15 21:03:20 main.go:96: 73
2023/01/15 21:03:20 main.go:103: 74+73
2023/01/15 21:03:20 main.go:239: open keyEvent_ShortcutKey/keys/2023-01-15-shortcutKey.json: The system cannot find the path specified.
2023/01/15 21:03:20 main.go:96: 32
2023/01/15 21:03:20 main.go:103: 73+32
2023/01/15 21:03:20 main.go:239: open keyEvent_ShortcutKey/keys/2023-01-15-shortcutKey.json: The system cannot find the path specified.
2023/01/15 21:03:20 main.go:239: open keyEvent_ShortcutKey/keys/2023-01-15-shortcutKey.json: The system cannot find the path specified.
2023/01/15 21:03:20 main.go:96: 160
2023/01/15 21:03:20 main.go:239: open keyEvent_ShortcutKey/keys/2023-01-15-shortcutKey.json: The system cannot find the path specified.
2023/01/15 21:03:20 main.go:96: 162
2023/01/15 21:03:20 main.go:96: 83
2023/01/15 21:03:20 main.go:103: 162+83
2023/01/15 21:03:20 main.go:239: open keyEvent_ShortcutKey/keys/2023-01-15-shortcutKey.json: The system cannot find the path specified.
2023/01/15 21:03:20 main.go:239: open keyEvent_ShortcutKey/keys/2023-01-15-shortcutKey.json: The system cannot find the path specified.
2023/01/15 21:03:28 main.go:106: 160
2023/01/15 21:03:29 main.go:106: 162
2023/01/15 21:03:30 main.go:106: 67
2023/01/15 21:03:30 main.go:113: 162+67
2023/01/15 21:04:03 main.go:106: 162
2023/01/15 21:04:03 main.go:106: 67
2023/01/15 21:04:03 main.go:113: 162+67
2023/01/15 21:04:03 main.go:106: 67
2023/01/15 21:04:03 main.go:113: 162+67
2023/01/15 21:04:27 main.go:106: 162
2023/01/15 21:04:27 main.go:106: 191
2023/01/15 21:04:27 main.go:113: 162+191
2023/01/15 21:04:27 main.go:106: 191
2023/01/15 21:04:27 main.go:113: 162+191
2023/01/15 21:04:27 main.go:106: 83
2023/01/15 21:04:27 main.go:113: 162+83
2023/01/15 21:04:31 main.go:106: 162
2023/01/15 21:04:31 main.go:106: 67
2023/01/15 21:04:31 main.go:113: 162+67
2023/01/15 21:04:32 main.go:106: 162
2023/01/15 21:04:32 main.go:106: 86
2023/01/15 21:04:32 main.go:113: 162+86
2023/01/15 21:04:33 main.go:106: 162
2023/01/15 21:04:33 main.go:106: 83
2023/01/15 21:04:33 main.go:113: 162+83
2023/01/15 21:04:34 main.go:106: 83
2023/01/15 21:04:34 main.go:113: 162+83
2023/01/15 21:04:34 main.go:106: 83
2023/01/15 21:04:34 main.go:113: 162+83
2023/01/15 21:05:18 main.go:106: 91
2023/01/15 21:05:33 main.go:106: 162
2023/01/15 21:05:33 main.go:106: 160
2023/01/15 21:05:33 main.go:106: 73
2023/01/15 21:05:33 main.go:113: 160+162+73
2023/01/15 21:05:58 main.go:106: 13
2023/01/15 21:05:58 main.go:106: 80
2023/01/15 21:05:58 main.go:106: 82
2023/01/15 21:05:58 main.go:106: 73
2023/01/15 21:05:58 main.go:113: 82+73
2023/01/15 21:05:59 main.go:106: 78
2023/01/15 21:05:59 main.go:113: 73+78
2023/01/15 21:05:59 main.go:106: 84
2023/01/15 21:05:59 main.go:106: 76
2023/01/15 21:05:59 main.go:106: 160
2023/01/15 21:05:59 main.go:106: 8
2023/01/15 21:06:00 main.go:106: 8
2023/01/15 21:06:00 main.go:106: 8
2023/01/15 21:06:00 main.go:106: 8
2023/01/15 21:06:00 main.go:106: 8
2023/01/15 21:06:00 main.go:106: 8
2023/01/15 21:06:00 main.go:106: 76
2023/01/15 21:06:01 main.go:106: 79
2023/01/15 21:06:01 main.go:106: 71
2023/01/15 21:06:01 main.go:106: 190
2023/01/15 21:06:01 main.go:106: 80
2023/01/15 21:06:01 main.go:106: 82
2023/01/15 21:06:01 main.go:106: 79
2023/01/15 21:06:01 main.go:113: 82+79
2023/01/15 21:06:01 main.go:106: 73
2023/01/15 21:06:01 main.go:113: 82+79+73
2023/01/15 21:06:01 main.go:106: 78
2023/01/15 21:06:01 main.go:113: 79+73+78
2023/01/15 21:06:02 main.go:106: 162
2023/01/15 21:06:02 main.go:106: 8
2023/01/15 21:06:02 main.go:113: 162+8
2023/01/15 21:06:02 main.go:106: 8
2023/01/15 21:06:02 main.go:113: 162+8
2023/01/15 21:06:02 main.go:106: 8
2023/01/15 21:06:02 main.go:113: 162+8
2023/01/15 21:06:02 main.go:106: 8
2023/01/15 21:06:02 main.go:113: 162+8
2023/01/15 21:06:03 main.go:106: 8
2023/01/15 21:06:03 main.go:113: 162+8
2023/01/15 21:06:03 main.go:106: 83
2023/01/15 21:06:03 main.go:113: 162+83
2023/01/15 21:07:14 main.go:108: 162
2023/01/15 21:07:14 main.go:108: 67
2023/01/15 21:07:14 main.go:115: 162+67
2023/01/15 21:07:15 main.go:108: 162
2023/01/15 21:07:15 main.go:108: 67
2023/01/15 21:07:15 main.go:115: 162+67
2023/01/15 21:07:16 main.go:108: 67
2023/01/15 21:07:16 main.go:115: 162+67
2023/01/15 21:07:16 main.go:108: 67
2023/01/15 21:07:16 main.go:115: 162+67
2023/01/15 21:07:16 main.go:108: 67
2023/01/15 21:07:16 main.go:115: 162+67
2023/01/15 21:07:33 AllController.go:53: .IdentityService
2023/01/15 21:07:33 AllController.go:53: .dartServer
2023/01/15 21:07:33 AllController.go:53: AMD
2023/01/15 21:07:33 AllController.go:53: .IdentityService
2023/01/15 21:07:33 AllController.go:53: .dartServer
2023/01/15 21:07:33 AllController.go:53: AMD
2023/01/15 21:07:33 AllController.go:53: .IdentityService
2023/01/15 21:07:33 AllController.go:53: .dartServer
2023/01/15 21:07:33 AllController.go:53: AMD
2023/01/15 21:07:33 AllController.go:53: .IdentityService
2023/01/15 21:07:33 AllController.go:53: .dartServer
2023/01/15 21:07:33 AllController.go:53: AMD
2023/01/15 21:07:33 AllController.go:53: .IdentityService
2023/01/15 21:07:33 AllController.go:53: .dartServer
2023/01/15 21:07:33 AllController.go:53: AMD
2023/01/15 21:07:34 AllController.go:53: .IdentityService
2023/01/15 21:07:34 AllController.go:53: .dartServer
2023/01/15 21:07:34 AllController.go:53: AMD
2023/01/15 21:07:35 AllController.go:53: .IdentityService
2023/01/15 21:07:35 AllController.go:53: .dartServer
2023/01/15 21:07:35 AllController.go:53: AMD
2023/01/15 21:07:36 AllController.go:53: .IdentityService
2023/01/15 21:07:36 AllController.go:53: .dartServer
2023/01/15 21:07:36 AllController.go:53: AMD
2023/01/15 21:07:37 AllController.go:53: .IdentityService
2023/01/15 21:07:37 AllController.go:53: .dartServer
2023/01/15 21:07:37 AllController.go:53: AMD
2023/01/15 21:07:38 AllController.go:53: .IdentityService
2023/01/15 21:07:38 AllController.go:53: .dartServer
2023/01/15 21:07:38 AllController.go:53: AMD
2023/01/15 21:07:39 AllController.go:53: .IdentityService
2023/01/15 21:07:39 AllController.go:53: .dartServer
2023/01/15 21:07:39 AllController.go:53: AMD
2023/01/15 21:07:40 AllController.go:53: .IdentityService
2023/01/15 21:07:40 AllController.go:53: .dartServer
2023/01/15 21:07:40 AllController.go:53: AMD
2023/01/15 21:07:41 AllController.go:53: .IdentityService
2023/01/15 21:07:41 AllController.go:53: .dartServer
2023/01/15 21:07:41 AllController.go:53: AMD
2023/01/15 21:07:42 AllController.go:53: .IdentityService
2023/01/15 21:07:42 AllController.go:53: .dartServer
2023/01/15 21:07:42 AllController.go:53: AMD
2023/01/15 21:10:12 main.go:108: 162
2023/01/15 21:10:12 main.go:108: 88
2023/01/15 21:10:12 main.go:115: 162+88
2023/01/15 21:10:12 main.go:108: 83
2023/01/15 21:10:12 main.go:115: 162+83
2023/01/15 21:10:14 main.go:108: 162
2023/01/15 21:10:14 main.go:108: 83
2023/01/15 21:10:14 main.go:115: 162+83
2023/01/15 21:10:15 main.go:108: 13
2023/01/15 21:10:16 main.go:108: 13
2023/01/15 21:10:18 main.go:108: 13
2023/01/15 21:10:18 main.go:108: 13
2023/01/15 21:10:19 main.go:108: 67
2023/01/15 21:10:19 main.go:108: 76
2023/01/15 21:10:19 main.go:115: 67+76
2023/01/15 21:10:19 main.go:108: 79
2023/01/15 21:10:19 main.go:108: 8
2023/01/15 21:10:19 main.go:108: 8
2023/01/15 21:10:20 main.go:108: 8
2023/01/15 21:10:20 main.go:108: 8
2023/01/15 21:10:21 main.go:108: 8
2023/01/15 21:10:21 main.go:108: 188
2023/01/15 21:10:21 main.go:108: 13
2023/01/15 21:10:21 main.go:108: 82
2023/01/15 21:10:21 main.go:108: 69
2023/01/15 21:10:21 main.go:115: 82+69
2023/01/15 21:10:22 main.go:108: 65
2023/01/15 21:10:22 main.go:115: 69+65
2023/01/15 21:10:22 main.go:108: 68
2023/01/15 21:10:24 main.go:108: 160
2023/01/15 21:10:24 main.go:108: 75
2023/01/15 21:10:24 main.go:115: 160+75
2023/01/15 21:10:24 main.go:108: 69
2023/01/15 21:10:24 main.go:108: 89
2023/01/15 21:10:24 main.go:108: 83
2023/01/15 21:10:26 main.go:108: 9
2023/01/15 21:10:27 main.go:108: 13
2023/01/15 21:10:29 main.go:108: 8
2023/01/15 21:10:29 main.go:108: 13
2023/01/15 21:10:30 main.go:108: 70
2023/01/15 21:10:31 main.go:108: 83
2023/01/15 21:10:31 main.go:115: 70+83
2023/01/15 21:10:31 main.go:108: 190
2023/01/15 21:10:31 main.go:108: 82
2023/01/15 21:10:31 main.go:108: 69
2023/01/15 21:10:31 main.go:115: 82+69
2023/01/15 21:10:31 main.go:108: 65
2023/01/15 21:10:31 main.go:115: 69+65
2023/01/15 21:10:32 main.go:108: 68
2023/01/15 21:10:32 main.go:108: 162
2023/01/15 21:10:32 main.go:108: 8
2023/01/15 21:10:32 main.go:115: 162+8
2023/01/15 21:10:32 main.go:108: 8
2023/01/15 21:10:32 main.go:115: 162+8
2023/01/15 21:10:32 main.go:108: 8
2023/01/15 21:10:32 main.go:115: 162+8
2023/01/15 21:10:33 main.go:108: 8
2023/01/15 21:10:33 main.go:115: 162+8
2023/01/15 21:10:33 main.go:108: 8
2023/01/15 21:10:33 main.go:115: 162+8
2023/01/15 21:10:33 main.go:108: 37
2023/01/15 21:10:34 main.go:108: 37
2023/01/15 21:10:34 main.go:108: 68
2023/01/15 21:10:34 main.go:108: 73
2023/01/15 21:10:34 main.go:108: 82
2023/01/15 21:10:34 main.go:108: 188
2023/01/15 21:10:35 main.go:108: 8
2023/01/15 21:10:35 main.go:108: 39
2023/01/15 21:10:36 main.go:108: 39
2023/01/15 21:10:36 main.go:108: 13
2023/01/15 21:10:37 main.go:108: 70
2023/01/15 21:10:37 main.go:108: 83
2023/01/15 21:10:37 main.go:115: 70+83
2023/01/15 21:10:38 main.go:108: 8
2023/01/15 21:10:38 main.go:108: 8
2023/01/15 21:10:39 main.go:108: 13
2023/01/15 21:10:40 main.go:108: 67
2023/01/15 21:10:40 main.go:108: 79
2023/01/15 21:10:40 main.go:115: 67+79
2023/01/15 21:10:40 main.go:108: 78
2023/01/15 21:10:40 main.go:115: 79+78
2023/01/15 21:10:40 main.go:108: 83
2023/01/15 21:10:40 main.go:115: 78+83
2023/01/15 21:10:40 main.go:108: 84
2023/01/15 21:10:40 main.go:108: 32
2023/01/15 21:10:40 main.go:108: 70
2023/01/15 21:10:40 main.go:108: 83
2023/01/15 21:10:40 main.go:115: 70+83
2023/01/15 21:10:41 main.go:108: 32
2023/01/15 21:10:41 main.go:108: 187
2023/01/15 21:10:41 main.go:108: 32
2023/01/15 21:10:41 main.go:115: 187+32
2023/01/15 21:10:41 main.go:108: 82
2023/01/15 21:10:41 main.go:108: 69
2023/01/15 21:10:41 main.go:115: 82+69
2023/01/15 21:10:41 main.go:108: 81
2023/01/15 21:10:42 main.go:108: 82
2023/01/15 21:10:42 main.go:108: 69
2023/01/15 21:10:42 main.go:115: 82+69
2023/01/15 21:10:42 main.go:108: 85
2023/01/15 21:10:42 main.go:108: 73
2023/01/15 21:10:42 main.go:115: 85+73
2023/01/15 21:10:42 main.go:108: 8
2023/01/15 21:10:42 main.go:108: 162
2023/01/15 21:10:42 main.go:108: 8
2023/01/15 21:10:42 main.go:115: 162+8
2023/01/15 21:10:43 main.go:108: 82
2023/01/15 21:10:43 main.go:108: 69
2023/01/15 21:10:43 main.go:115: 82+69
2023/01/15 21:10:43 main.go:108: 81
2023/01/15 21:10:43 main.go:108: 85
2023/01/15 21:10:43 main.go:108: 73
2023/01/15 21:10:43 main.go:115: 85+73
2023/01/15 21:10:43 main.go:108: 82
2023/01/15 21:10:43 main.go:108: 84
2023/01/15 21:10:43 main.go:115: 82+84
2023/01/15 21:10:43 main.go:108: 69
2023/01/15 21:10:43 main.go:115: 82+84+69
2023/01/15 21:10:44 main.go:108: 8
2023/01/15 21:10:45 main.go:108: 8
2023/01/15 21:10:45 main.go:108: 69
2023/01/15 21:10:46 main.go:108: 160
2023/01/15 21:10:46 main.go:108: 57
2023/01/15 21:10:46 main.go:115: 160+57
2023/01/15 21:10:46 main.go:108: 9
2023/01/15 21:10:47 main.go:108: 162
2023/01/15 21:10:47 main.go:108: 83
2023/01/15 21:10:47 main.go:115: 162+83
2023/01/15 21:10:49 main.go:108: 9
2023/01/15 21:10:49 main.go:108: 9
2023/01/15 21:10:49 main.go:108: 70
2023/01/15 21:10:49 main.go:108: 83
2023/01/15 21:10:49 main.go:115: 70+83
2023/01/15 21:10:50 main.go:108: 190
2023/01/15 21:10:51 main.go:108: 164
2023/01/15 21:10:51 main.go:108: 9
2023/01/15 21:10:51 main.go:115: 164+9
2023/01/15 21:10:51 main.go:108: 164
2023/01/15 21:10:51 main.go:108: 9
2023/01/15 21:10:51 main.go:115: 164+9
2023/01/15 21:10:52 main.go:108: 82
2023/01/15 21:10:52 main.go:108: 69
2023/01/15 21:10:52 main.go:115: 82+69
2023/01/15 21:10:53 main.go:108: 13
2023/01/15 21:10:53 main.go:108: 8
2023/01/15 21:10:54 main.go:108: 160
2023/01/15 21:10:54 main.go:108: 70
2023/01/15 21:10:54 main.go:115: 160+70
2023/01/15 21:10:54 main.go:108: 13
2023/01/15 21:10:55 main.go:108: 162
2023/01/15 21:10:55 main.go:108: 90
2023/01/15 21:10:55 main.go:115: 162+90
2023/01/15 21:10:56 main.go:108: 8
2023/01/15 21:10:56 main.go:108: 160
2023/01/15 21:10:56 main.go:108: 68
2023/01/15 21:10:56 main.go:115: 160+68
2023/01/15 21:10:57 main.go:108: 13
2023/01/15 21:10:58 main.go:108: 8
2023/01/15 21:10:58 main.go:108: 160
2023/01/15 21:10:58 main.go:108: 83
2023/01/15 21:10:58 main.go:115: 160+83
2023/01/15 21:10:58 main.go:108: 8
2023/01/15 21:10:59 main.go:108: 160
2023/01/15 21:10:59 main.go:108: 68
2023/01/15 21:10:59 main.go:115: 160+68
2023/01/15 21:10:59 main.go:108: 8
2023/01/15 21:11:00 main.go:108: 8
2023/01/15 21:11:00 main.go:108: 160
2023/01/15 21:11:00 main.go:108: 68
2023/01/15 21:11:00 main.go:115: 160+68
2023/01/15 21:11:00 main.go:108: 8
2023/01/15 21:11:00 main.go:108: 8
2023/01/15 21:11:01 main.go:108: 8
2023/01/15 21:11:01 main.go:108: 160
2023/01/15 21:11:01 main.go:108: 68
2023/01/15 21:11:01 main.go:115: 160+68
2023/01/15 21:11:01 main.go:108: 13
2023/01/15 21:11:02 main.go:108: 9
2023/01/15 21:11:03 main.go:108: 160
2023/01/15 21:11:03 main.go:108: 221
2023/01/15 21:11:03 main.go:115: 160+221
2023/01/15 21:11:04 main.go:108: 37
2023/01/15 21:11:04 main.go:108: 37
2023/01/15 21:11:04 main.go:108: 39
2023/01/15 21:11:04 main.go:108: 39
2023/01/15 21:11:05 main.go:108: 160
2023/01/15 21:11:05 main.go:108: 48
2023/01/15 21:11:05 main.go:115: 160+48
2023/01/15 21:11:06 main.go:108: 13
2023/01/15 21:11:07 main.go:108: 67
2023/01/15 21:11:07 main.go:108: 79
2023/01/15 21:11:07 main.go:108: 78
2023/01/15 21:11:07 main.go:115: 79+78
2023/01/15 21:11:07 main.go:108: 83
2023/01/15 21:11:07 main.go:115: 78+83
2023/01/15 21:11:07 main.go:108: 84
2023/01/15 21:11:07 main.go:115: 83+84
2023/01/15 21:11:07 main.go:108: 32
2023/01/15 21:11:07 main.go:108: 80
2023/01/15 21:11:07 main.go:108: 65
2023/01/15 21:11:07 main.go:115: 80+65
2023/01/15 21:11:08 main.go:108: 84
2023/01/15 21:11:08 main.go:108: 72
2023/01/15 21:11:08 main.go:108: 32
2023/01/15 21:11:08 main.go:115: 72+32
2023/01/15 21:11:08 main.go:108: 187
2023/01/15 21:11:08 main.go:108: 32
2023/01/15 21:11:08 main.go:108: 82
2023/01/15 21:11:08 main.go:108: 69
2023/01/15 21:11:08 main.go:115: 82+69
2023/01/15 21:11:09 main.go:108: 81
2023/01/15 21:11:09 main.go:108: 13
2023/01/15 21:11:09 main.go:108: 160
2023/01/15 21:11:09 main.go:108: 57
2023/01/15 21:11:09 main.go:115: 160+57
2023/01/15 21:11:10 main.go:108: 222
2023/01/15 21:11:10 main.go:115: 160+222
2023/01/15 21:11:11 main.go:108: 9
2023/01/15 21:11:11 main.go:108: 162
2023/01/15 21:11:11 main.go:108: 83
2023/01/15 21:11:11 main.go:115: 162+83
2023/01/15 21:11:13 main.go:108: 162
2023/01/15 21:11:13 main.go:108: 88
2023/01/15 21:11:13 main.go:115: 162+88
2023/01/15 21:11:13 main.go:108: 80
2023/01/15 21:11:13 main.go:108: 65
2023/01/15 21:11:13 main.go:108: 84
2023/01/15 21:11:14 main.go:108: 72
2023/01/15 21:11:14 main.go:108: 188
2023/01/15 21:11:14 main.go:108: 8
2023/01/15 21:11:14 main.go:108: 8
2023/01/15 21:11:15 main.go:108: 190
2023/01/15 21:11:15 main.go:108: 8
2023/01/15 21:11:16 main.go:108: 72
2023/01/15 21:11:16 main.go:108: 190
2023/01/15 21:11:16 main.go:108: 13
2023/01/15 21:11:17 main.go:108: 162
2023/01/15 21:11:17 main.go:108: 90
2023/01/15 21:11:17 main.go:115: 162+90
2023/01/15 21:11:17 main.go:108: 74
2023/01/15 21:11:18 main.go:108: 13
2023/01/15 21:11:18 main.go:108: 162
2023/01/15 21:11:18 main.go:108: 86
2023/01/15 21:11:18 main.go:115: 162+86
2023/01/15 21:11:19 main.go:108: 188
2023/01/15 21:11:19 main.go:108: 32
2023/01/15 21:11:19 main.go:108: 160
2023/01/15 21:11:20 main.go:108: 222
2023/01/15 21:11:20 main.go:115: 160+222
2023/01/15 21:11:28 main.go:108: 162
2023/01/15 21:11:28 main.go:108: 67
2023/01/15 21:11:28 main.go:115: 162+67
2023/01/15 21:11:28 main.go:108: 67
2023/01/15 21:11:28 main.go:115: 162+67
2023/01/15 21:11:31 main.go:108: 162
2023/01/15 21:11:32 main.go:108: 86
2023/01/15 21:11:32 main.go:115: 162+86
2023/01/15 21:11:35 main.go:108: 13
2023/01/15 21:11:38 main.go:108: 8
2023/01/15 21:11:38 main.go:108: 13
2023/01/15 21:11:40 main.go:108: 191
2023/01/15 21:11:41 main.go:108: 191
2023/01/15 21:11:41 main.go:108: 32
2023/01/15 21:11:41 main.go:108: 160
2023/01/15 21:11:41 main.go:108: 80
2023/01/15 21:11:42 main.go:108: 65
2023/01/15 21:11:42 main.go:115: 80+65
2023/01/15 21:11:42 main.go:108: 78
2023/01/15 21:11:42 main.go:115: 65+78
2023/01/15 21:11:42 main.go:108: 68
2023/01/15 21:11:42 main.go:115: 78+68
2023/01/15 21:11:42 main.go:108: 65
2023/01/15 21:11:42 main.go:115: 68+65
2023/01/15 21:11:42 main.go:108: 85
2023/01/15 21:11:42 main.go:115: 65+68+85
2023/01/15 21:11:42 main.go:108: 78
2023/01/15 21:11:42 main.go:108: 32
2023/01/15 21:11:42 main.go:115: 78+32
2023/01/15 21:11:42 main.go:108: 87
2023/01/15 21:11:42 main.go:108: 69
2023/01/15 21:11:42 main.go:115: 87+69
2023/01/15 21:11:42 main.go:108: 78
2023/01/15 21:11:42 main.go:115: 69+78
2023/01/15 21:11:43 main.go:108: 8
2023/01/15 21:11:43 main.go:108: 8
2023/01/15 21:11:43 main.go:108: 8
2023/01/15 21:11:43 main.go:108: 87
2023/01/15 21:11:43 main.go:108: 69
2023/01/15 21:11:43 main.go:115: 87+69
2023/01/15 21:11:43 main.go:108: 78
2023/01/15 21:11:43 main.go:115: 69+78
2023/01/15 21:11:44 main.go:108: 74
2023/01/15 21:11:44 main.go:108: 73
2023/01/15 21:11:44 main.go:115: 74+73
2023/01/15 21:11:44 main.go:108: 65
2023/01/15 21:11:44 main.go:115: 73+65
2023/01/15 21:11:44 main.go:108: 78
2023/01/15 21:11:44 main.go:115: 65+78
2023/01/15 21:11:44 main.go:108: 32
2023/01/15 21:11:45 main.go:108: 8
2023/01/15 21:11:45 main.go:108: 8
2023/01/15 21:11:45 main.go:108: 87
2023/01/15 21:11:45 main.go:108: 69
2023/01/15 21:11:45 main.go:115: 87+69
2023/01/15 21:11:45 main.go:108: 78
2023/01/15 21:11:45 main.go:115: 69+78
2023/01/15 21:11:45 main.go:108: 74
2023/01/15 21:11:46 main.go:108: 73
2023/01/15 21:11:46 main.go:115: 74+73
2023/01/15 21:11:46 main.go:108: 65
2023/01/15 21:11:46 main.go:115: 73+65
2023/01/15 21:11:46 main.go:108: 78
2023/01/15 21:11:46 main.go:115: 65+78
2023/01/15 21:11:46 main.go:108: 32
2023/01/15 21:11:46 main.go:115: 78+65+32
2023/01/15 21:11:46 main.go:108: 87
2023/01/15 21:11:46 main.go:108: 69
2023/01/15 21:11:46 main.go:115: 87+69
2023/01/15 21:11:46 main.go:108: 73
2023/01/15 21:11:46 main.go:115: 69+73
2023/01/15 21:11:46 main.go:108: 32
2023/01/15 21:11:49 main.go:108: 160
2023/01/15 21:11:50 main.go:108: 8
2023/01/15 21:11:51 main.go:108: 8
2023/01/15 21:11:51 main.go:108: 8
2023/01/15 21:11:51 main.go:108: 8
2023/01/15 21:11:51 main.go:108: 8
2023/01/15 21:11:51 main.go:108: 160
2023/01/15 21:11:52 main.go:108: 80
2023/01/15 21:11:52 main.go:108: 65
2023/01/15 21:11:52 main.go:108: 78
2023/01/15 21:11:52 main.go:115: 65+78
2023/01/15 21:11:52 main.go:108: 68
2023/01/15 21:11:52 main.go:108: 85
2023/01/15 21:11:52 main.go:115: 68+85
2023/01/15 21:11:52 main.go:108: 65
2023/01/15 21:11:52 main.go:115: 68+85+65
2023/01/15 21:11:52 main.go:108: 78
2023/01/15 21:11:52 main.go:115: 65+78
2023/01/15 21:11:52 main.go:108: 32
2023/01/15 21:11:52 main.go:115: 78+32
2023/01/15 21:11:52 main.go:108: 87
2023/01/15 21:11:53 main.go:108: 69
2023/01/15 21:11:53 main.go:115: 87+69
2023/01/15 21:11:53 main.go:108: 73
2023/01/15 21:11:53 main.go:115: 69+73
2023/01/15 21:11:53 main.go:108: 87
2023/01/15 21:11:53 main.go:108: 69
2023/01/15 21:11:53 main.go:115: 87+69
2023/01/15 21:11:53 main.go:108: 78
2023/01/15 21:11:53 main.go:115: 69+87+78
2023/01/15 21:11:53 main.go:108: 74
2023/01/15 21:11:53 main.go:108: 73
2023/01/15 21:11:53 main.go:115: 74+73
2023/01/15 21:11:53 main.go:108: 65
2023/01/15 21:11:53 main.go:115: 73+65
2023/01/15 21:11:53 main.go:108: 78
2023/01/15 21:11:53 main.go:115: 65+78
2023/01/15 21:11:54 main.go:108: 32
2023/01/15 21:11:54 main.go:108: 68
2023/01/15 21:11:54 main.go:108: 69
2023/01/15 21:11:54 main.go:115: 68+69
2023/01/15 21:11:54 main.go:108: 32
2023/01/15 21:11:54 main.go:115: 68+69+32
2023/01/15 21:11:58 main.go:108: 66
2023/01/15 21:11:58 main.go:108: 73
2023/01/15 21:11:58 main.go:108: 78
2023/01/15 21:11:58 main.go:115: 73+78
2023/01/15 21:11:58 main.go:108: 71
2023/01/15 21:11:58 main.go:115: 78+71
2023/01/15 21:11:58 main.go:108: 81
2023/01/15 21:11:58 main.go:108: 73
2023/01/15 21:11:58 main.go:115: 81+73
2023/01/15 21:11:58 main.go:108: 69
2023/01/15 21:11:59 main.go:108: 32
2023/01/15 21:11:59 main.go:108: 163
2023/01/15 21:11:59 main.go:108: 163
2023/01/15 21:12:00 main.go:108: 37
2023/01/15 21:12:00 main.go:108: 37
2023/01/15 21:12:00 main.go:108: 27
2023/01/15 21:12:00 main.go:108: 37
2023/01/15 21:12:00 main.go:108: 37
2023/01/15 21:12:01 main.go:108: 8
2023/01/15 21:12:01 main.go:108: 39
2023/01/15 21:12:01 main.go:108: 39
2023/01/15 21:12:02 main.go:108: 89
2023/01/15 21:12:02 main.go:108: 73
2023/01/15 21:12:02 main.go:115: 89+73
2023/01/15 21:12:03 main.go:108: 32
2023/01/15 21:12:03 main.go:108: 160
2023/01/15 21:12:04 main.go:108: 75
2023/01/15 21:12:04 main.go:108: 69
2023/01/15 21:12:04 main.go:108: 89
2023/01/15 21:12:04 main.go:108: 8
2023/01/15 21:12:04 main.go:108: 8
2023/01/15 21:12:04 main.go:108: 8
2023/01/15 21:12:05 main.go:108: 189
2023/01/15 21:12:05 main.go:108: 75
2023/01/15 21:12:06 main.go:108: 69
2023/01/15 21:12:06 main.go:108: 89
2023/01/15 21:12:06 main.go:115: 69+89
2023/01/15 21:12:06 main.go:108: 83
2023/01/15 21:12:07 main.go:108: 190
2023/01/15 21:12:07 main.go:108: 74
2023/01/15 21:12:07 main.go:108: 83
2023/01/15 21:12:08 main.go:108: 79
2023/01/15 21:12:08 main.go:108: 80
2023/01/15 21:12:08 main.go:115: 79+80
2023/01/15 21:12:08 main.go:108: 78
2023/01/15 21:12:08 main.go:108: 8
2023/01/15 21:12:08 main.go:108: 8
2023/01/15 21:12:09 main.go:108: 78
2023/01/15 21:12:10 main.go:108: 9
2023/01/15 21:12:10 main.go:108: 13
2023/01/15 21:12:10 main.go:108: 13
2023/01/15 21:12:10 main.go:108: 160
2023/01/15 21:12:11 main.go:108: 9
2023/01/15 21:12:11 main.go:108: 13
2023/01/15 21:12:12 main.go:108: 9
2023/01/15 21:12:13 main.go:108: 40
2023/01/15 21:12:13 main.go:108: 13
2023/01/15 21:12:14 main.go:108: 9
2023/01/15 21:12:15 main.go:108: 13
2023/01/15 21:12:16 main.go:108: 9
2023/01/15 21:12:17 main.go:108: 13
2023/01/15 21:12:18 main.go:108: 9
2023/01/15 21:12:19 main.go:108: 40
2023/01/15 21:12:21 main.go:108: 40
2023/01/15 21:12:21 main.go:108: 38
2023/01/15 21:12:21 main.go:108: 38
2023/01/15 21:12:21 main.go:108: 160
2023/01/15 21:12:22 main.go:108: 13
2023/01/15 21:12:22 main.go:115: 160+13
2023/01/15 21:12:23 main.go:108: 8
2023/01/15 21:12:24 main.go:108: 13
2023/01/15 21:12:24 main.go:108: 8
2023/01/15 21:12:24 main.go:108: 160
2023/01/15 21:12:24 main.go:108: 57
2023/01/15 21:12:24 main.go:115: 160+57
2023/01/15 21:12:25 main.go:108: 8
2023/01/15 21:12:25 main.go:108: 160
2023/01/15 21:12:25 main.go:108: 160
2023/01/15 21:12:25 main.go:108: 57
2023/01/15 21:12:25 main.go:115: 160+57
2023/01/15 21:12:26 main.go:108: 70
2023/01/15 21:12:26 main.go:108: 83
2023/01/15 21:12:27 main.go:108: 190
2023/01/15 21:12:28 main.go:108: 82
2023/01/15 21:12:28 main.go:108: 69
2023/01/15 21:12:28 main.go:115: 82+69
2023/01/15 21:12:28 main.go:108: 65
2023/01/15 21:12:28 main.go:115: 69+65
2023/01/15 21:12:28 main.go:108: 83
2023/01/15 21:12:28 main.go:115: 65+69+83
2023/01/15 21:12:28 main.go:108: 68
2023/01/15 21:12:28 main.go:108: 8
2023/01/15 21:12:28 main.go:108: 8
2023/01/15 21:12:29 main.go:108: 8
2023/01/15 21:12:29 main.go:108: 8
2023/01/15 21:12:29 main.go:108: 8
2023/01/15 21:12:29 main.go:108: 82
2023/01/15 21:12:29 main.go:108: 69
2023/01/15 21:12:29 main.go:115: 82+69
2023/01/15 21:12:29 main.go:108: 65
2023/01/15 21:12:29 main.go:115: 69+65
2023/01/15 21:12:29 main.go:108: 68
2023/01/15 21:12:30 main.go:108: 160
2023/01/15 21:12:30 main.go:108: 83
2023/01/15 21:12:30 main.go:115: 160+83
2023/01/15 21:12:31 main.go:108: 13
2023/01/15 21:12:32 main.go:108: 9
2023/01/15 21:12:33 main.go:108: 162
2023/01/15 21:12:33 main.go:108: 90
2023/01/15 21:12:33 main.go:115: 162+90
2023/01/15 21:12:36 main.go:108: 13
2023/01/15 21:12:36 main.go:108: 160
2023/01/15 21:12:36 main.go:108: 221
2023/01/15 21:12:36 main.go:115: 160+221
2023/01/15 21:12:38 main.go:108: 160
2023/01/15 21:12:38 main.go:108: 48
2023/01/15 21:12:38 main.go:115: 160+48
2023/01/15 21:12:45 main.go:108: 162
2023/01/15 21:12:45 main.go:108: 88
2023/01/15 21:12:45 main.go:115: 162+88
2023/01/15 21:12:48 main.go:108: 162
2023/01/15 21:12:48 main.go:108: 162
2023/01/15 21:12:48 main.go:108: 162
2023/01/15 21:12:48 main.go:108: 162
2023/01/15 21:12:48 main.go:108: 162
2023/01/15 21:12:48 main.go:108: 162
2023/01/15 21:12:48 main.go:108: 162
2023/01/15 21:12:48 main.go:108: 162
2023/01/15 21:12:48 main.go:108: 162
2023/01/15 21:12:48 main.go:108: 162
2023/01/15 21:12:48 main.go:108: 88
2023/01/15 21:12:48 main.go:115: 162+88
2023/01/15 21:12:49 main.go:108: 83
2023/01/15 21:12:49 main.go:115: 162+83
